Using pre-set license
Built from '2020.2/release' branch; Version is '2020.2.2f1 (068178b99f32) revision 426360'; Using compiler version '192528614'; Build Type 'Release'
OS: 'Windows 10 Home; OS build 19041.1052; Version 2004; 64bit' Language: 'en' Physical Memory: 7957 MB
BatchMode: 1, IsHumanControllingUs: 0, StartBugReporterOnCrash: 0, Is64bit: 1, IsPro: 0

 COMMAND LINE ARGUMENTS:
C:\Program Files\Unity\Editor\Unity.exe
-adb2
-batchMode
-noUpm
-name
AssetImportWorker0
-projectPath
C:/Users/matthew/Pathfinding
-logFile
Logs/AssetImportWorker0.log
-srvPort
65436
Successfully changed project path to: C:/Users/matthew/Pathfinding
C:/Users/matthew/Pathfinding
Using Asset Import Pipeline V2.
Refreshing native plugins compatible for Editor in 25.06 ms, found 0 plugins.
Preloading 0 native plugins for Editor in 0.00 ms.
Initialize engine version: 2020.2.2f1 (068178b99f32)
[Subsystems] Discovering subsystems at path C:/Program Files/Unity/Editor/Data/Resources/UnitySubsystems
[Subsystems] Discovering subsystems at path C:/Users/matthew/Pathfinding/Assets
GfxDevice: creating device client; threaded=0
Direct3D:
    Version:  Direct3D 11.0 [level 11.1]
    Renderer: Intel(R) Iris(R) Xe Graphics (ID=0x9a49)
    Vendor:   
    VRAM:     3978 MB
    Driver:   27.20.100.8935
Initialize mono
Mono path[0] = 'C:/Program Files/Unity/Editor/Data/Managed'
Mono path[1] = 'C:/Program Files/Unity/Editor/Data/MonoBleedingEdge/lib/mono/unityjit'
Mono config path = 'C:/Program Files/Unity/Editor/Data/MonoBleedingEdge/etc'
Using monoOptions --debugger-agent=transport=dt_socket,embedding=1,server=y,suspend=n,address=127.0.0.1:56908
Begin MonoManager ReloadAssembly
Registering precompiled unity dll's ...
Register platform support module: C:/Program Files/Unity/Editor/Data/PlaybackEngines/WindowsStandaloneSupport/UnityEditor.WindowsStandalone.Extensions.dll
Registered in 0.001684 seconds.
Native extension for WindowsStandalone target not found
Refreshing native plugins compatible for Editor in 38.07 ms, found 0 plugins.
Preloading 0 native plugins for Editor in 0.00 ms.
Invoked RoslynAnalysisRunner static constructor.
RoslynAnalysisRunner will not be running.
RoslynAnalysisRunner has terminated.
Mono: successfully reloaded assembly
- Completed reload, in  1.591 seconds
Platform modules already initialized, skipping
Registering precompiled user dll's ...
Registered in 0.000729 seconds.
Begin MonoManager ReloadAssembly
Native extension for WindowsStandalone target not found
Refreshing native plugins compatible for Editor in 0.29 ms, found 0 plugins.
Preloading 0 native plugins for Editor in 0.00 ms.
Invoked RoslynAnalysisRunner static constructor.
RoslynAnalysisRunner will not be running.
RoslynAnalysisRunner has terminated.
Mono: successfully reloaded assembly
- Completed reload, in  0.853 seconds
Platform modules already initialized, skipping
========================================================================
Worker process is ready to serve import requests
Launched and connected shader compiler UnityShaderCompiler.exe after 0.05 seconds
Refreshing native plugins compatible for Editor in 0.22 ms, found 0 plugins.
Preloading 0 native plugins for Editor in 0.00 ms.
Unloading 1490 Unused Serialized files (Serialized files now loaded: 0)
System memory in use before: 73.0 MB.
System memory in use after: 73.0 MB.

Unloading 75 unused Assets to reduce memory usage. Loaded Objects now: 1925.
Total: 2.442200 ms (FindLiveObjects: 0.128900 ms CreateObjectMapping: 0.036100 ms MarkObjects: 1.852600 ms  DeleteObjects: 0.423200 ms)

========================================================================
Received Import Request.
  path: Assets/LB3D/Simple_Chicken
  artifactKey: Guid(33707851ca437a24a98fe109ad6e41b7) Importer(815301076,1909f56bfc062723c751e8b465ee728b)
Start importing Assets/LB3D/Simple_Chicken using Guid(33707851ca437a24a98fe109ad6e41b7) Importer(815301076,1909f56bfc062723c751e8b465ee728b)  -> (artifact id: 'b70500103e29ee18f78178e4b4edcbb5') in 0.016680 seconds
  Import took 0.022365 seconds .

========================================================================
Received Import Request.
  Time since last request: 0.000391 seconds.
  path: Assets/LB3D/Simple_Chicken/Animator.controller
  artifactKey: Guid(e331527ebd2dc5943b58c2bde993c4d4) Importer(815301076,1909f56bfc062723c751e8b465ee728b)
Start importing Assets/LB3D/Simple_Chicken/Animator.controller using Guid(e331527ebd2dc5943b58c2bde993c4d4) Importer(815301076,1909f56bfc062723c751e8b465ee728b)  -> (artifact id: 'c3c0ee5cf8759bb3d494b3ae34b26b41') in 0.036281 seconds
  Import took 0.039446 seconds .

========================================================================
Received Import Request.
  Time since last request: 35.406972 seconds.
  path: Assets/LB3D/Simple_Chicken/Models
  artifactKey: Guid(ca7d2fcd70d6a594ea5aeba8069b27c1) Importer(815301076,1909f56bfc062723c751e8b465ee728b)
Start importing Assets/LB3D/Simple_Chicken/Models using Guid(ca7d2fcd70d6a594ea5aeba8069b27c1) Importer(815301076,1909f56bfc062723c751e8b465ee728b)  -> (artifact id: 'b4e12a8e24ee2e48c63b8d3ed7f54e68') in 0.008784 seconds
  Import took 0.011240 seconds .

========================================================================
Received Import Request.
  Time since last request: 0.063298 seconds.
  path: Assets/LB3D/Simple_Chicken/Models/chicken.fbx
  artifactKey: Guid(0d79862764ef78b4e92bc7d0d37a4ce3) Importer(815301076,1909f56bfc062723c751e8b465ee728b)
Start importing Assets/LB3D/Simple_Chicken/Models/chicken.fbx using Guid(0d79862764ef78b4e92bc7d0d37a4ce3) Importer(815301076,1909f56bfc062723c751e8b465ee728b)  -> (artifact id: '9610fb2f4215c59549170c893ed65ceb') in 0.206071 seconds
  Import took 0.210046 seconds .

========================================================================
Received Import Request.
  Time since last request: 232.886718 seconds.
  path: Assets/LB3D/Simple_Chicken/Scene/Prefabs/backdrop.fbx
  artifactKey: Guid(ce2b0df5c484a014aa108d7c2d3adcb4) Importer(815301076,1909f56bfc062723c751e8b465ee728b)
Start importing Assets/LB3D/Simple_Chicken/Scene/Prefabs/backdrop.fbx using Guid(ce2b0df5c484a014aa108d7c2d3adcb4) Importer(815301076,1909f56bfc062723c751e8b465ee728b)  -> (artifact id: '0dcadf76ad98867614fab15ab9b6f7fb') in 0.021533 seconds
  Import took 0.024927 seconds .

========================================================================
Received Import Request.
  Time since last request: 124.347515 seconds.
  path: Assets/LB3D/Simple_Chicken/Models/Smith.controller
  artifactKey: Guid(9c84e2405c31a6649a42c684126997cc) Importer(815301076,1909f56bfc062723c751e8b465ee728b)
Start importing Assets/LB3D/Simple_Chicken/Models/Smith.controller using Guid(9c84e2405c31a6649a42c684126997cc) Importer(815301076,1909f56bfc062723c751e8b465ee728b)  -> (artifact id: 'a9772d1f55947ad6838719df1d38f9bb') in 0.008706 seconds
  Import took 0.011498 seconds .

========================================================================
Received Import Request.
  Time since last request: 10.757395 seconds.
  path: Assets/LB3D/Simple_Chicken/Models/chick.anim
  artifactKey: Guid(2f8dc6feb84abc6458a2527410e24f60) Importer(815301076,1909f56bfc062723c751e8b465ee728b)
Start importing Assets/LB3D/Simple_Chicken/Models/chick.anim using Guid(2f8dc6feb84abc6458a2527410e24f60) Importer(815301076,1909f56bfc062723c751e8b465ee728b)  -> (artifact id: '4fa9312c63c2abba413627145866eb13') in 0.011849 seconds
  Import took 0.015093 seconds .

========================================================================
Received Import Request.
  Time since last request: 737.898323 seconds.
  path: Assets/LB3D/Simple_Chicken/Models/chick 1.anim
  artifactKey: Guid(e84f6b65ca2425f4cbca8eb4a798ae5e) Importer(815301076,1909f56bfc062723c751e8b465ee728b)
Start importing Assets/LB3D/Simple_Chicken/Models/chick 1.anim using Guid(e84f6b65ca2425f4cbca8eb4a798ae5e) Importer(815301076,1909f56bfc062723c751e8b465ee728b)  -> (artifact id: 'c9746a7b532d09ed960e856cc21d7772') in 0.008449 seconds
  Import took 0.012110 seconds .

========================================================================
Received Import Request.
  Time since last request: 1.998825 seconds.
  path: Assets/LB3D/Simple_Chicken/Models/chick 2.anim
  artifactKey: Guid(4d771b9bb4a0b4946a9df7648d1105c5) Importer(815301076,1909f56bfc062723c751e8b465ee728b)
Start importing Assets/LB3D/Simple_Chicken/Models/chick 2.anim using Guid(4d771b9bb4a0b4946a9df7648d1105c5) Importer(815301076,1909f56bfc062723c751e8b465ee728b)  -> (artifact id: '513230f27a736066a6e37d10a36db7ed') in 0.008247 seconds
  Import took 0.011406 seconds .

========================================================================
Received Import Request.
  Time since last request: 1.845160 seconds.
  path: Assets/LB3D/Simple_Chicken/Models/chick2.anim
  artifactKey: Guid(3494bc2309771374c81078356cae830d) Importer(815301076,1909f56bfc062723c751e8b465ee728b)
Start importing Assets/LB3D/Simple_Chicken/Models/chick2.anim using Guid(3494bc2309771374c81078356cae830d) Importer(815301076,1909f56bfc062723c751e8b465ee728b)  -> (artifact id: 'aa2170d27f346c3e26504442ebeab121') in 0.007650 seconds
  Import took 0.010164 seconds .

========================================================================
Received Import Request.
  Time since last request: 8.213840 seconds.
  path: Assets/LB3D/Simple_Chicken/Models/chick 1.anim
  artifactKey: Guid(e84f6b65ca2425f4cbca8eb4a798ae5e) Importer(815301076,1909f56bfc062723c751e8b465ee728b)
Start importing Assets/LB3D/Simple_Chicken/Models/chick 1.anim using Guid(e84f6b65ca2425f4cbca8eb4a798ae5e) Importer(815301076,1909f56bfc062723c751e8b465ee728b)  -> (artifact id: '4c83187b75fdd01696ef9358cbaf4c49') in 0.003086 seconds
  Import took 0.005747 seconds .

========================================================================
Received Import Request.
  Time since last request: 6.994729 seconds.
  path: Assets/LB3D/Simple_Chicken/Models/chick.anim
  artifactKey: Guid(2f8dc6feb84abc6458a2527410e24f60) Importer(815301076,1909f56bfc062723c751e8b465ee728b)
Start importing Assets/LB3D/Simple_Chicken/Models/chick.anim using Guid(2f8dc6feb84abc6458a2527410e24f60) Importer(815301076,1909f56bfc062723c751e8b465ee728b)  -> (artifact id: '3ee97b923eb819236b136a1da20dfda7') in 0.003992 seconds
  Import took 0.008133 seconds .

========================================================================
Received Import Request.
  Time since last request: 43.412638 seconds.
  path: ProjectSettings/TagManager.asset
  artifactKey: Guid(00000000000000003000000000000000) Importer(815301076,1909f56bfc062723c751e8b465ee728b)
Start importing ProjectSettings/TagManager.asset using Guid(00000000000000003000000000000000) Importer(815301076,1909f56bfc062723c751e8b465ee728b)  -> (artifact id: '5ca44413cd664d945b65c90ad8773bf0') in 0.009617 seconds
  Import took 0.012677 seconds .

========================================================================
Received Import Request.
  Time since last request: 0.001511 seconds.
  path: ProjectSettings/TagManager.asset
  artifactKey: Guid(00000000000000003000000000000000) Importer(815301076,1909f56bfc062723c751e8b465ee728b)
Start importing ProjectSettings/TagManager.asset using Guid(00000000000000003000000000000000) Importer(815301076,1909f56bfc062723c751e8b465ee728b)  -> (artifact id: '5ca44413cd664d945b65c90ad8773bf0') in 0.003701 seconds
  Import took 0.007171 seconds .

========================================================================
Received Import Request.
  Time since last request: 350.996370 seconds.
  path: Assets/PathfindingBasics/Scripts/AgentSmith.cs
  artifactKey: Guid(4e86e9dd59daa1f4e8c3345e7b26cfeb) Importer(815301076,1909f56bfc062723c751e8b465ee728b)
Start importing Assets/PathfindingBasics/Scripts/AgentSmith.cs using Guid(4e86e9dd59daa1f4e8c3345e7b26cfeb) Importer(815301076,1909f56bfc062723c751e8b465ee728b)  -> (artifact id: '27388a2f5fc0a8a3fe0b52636151c0c1') in 0.012384 seconds
  Import took 0.016006 seconds .

========================================================================
Received Import Request.
  Time since last request: 44.133450 seconds.
  path: Assets/PathfindingBasics/Scripts/AgentSmith.cs
  artifactKey: Guid(4e86e9dd59daa1f4e8c3345e7b26cfeb) Importer(815301076,1909f56bfc062723c751e8b465ee728b)
Start importing Assets/PathfindingBasics/Scripts/AgentSmith.cs using Guid(4e86e9dd59daa1f4e8c3345e7b26cfeb) Importer(815301076,1909f56bfc062723c751e8b465ee728b)  -> (artifact id: '9a9f7eaaaa994fa0c445bb188c0746a0') in 0.002965 seconds
  Import took 0.006585 seconds .

========================================================================
Received Prepare
Registering precompiled user dll's ...
Registered in 0.000798 seconds.
Begin MonoManager ReloadAssembly
Native extension for WindowsStandalone target not found
Refreshing native plugins compatible for Editor in 0.42 ms, found 0 plugins.
Preloading 0 native plugins for Editor in 0.00 ms.
Warning: Annotation not found!
UnityEngine.StackTraceUtility:ExtractStackTrace ()
UnityEditor.ProBuilder.EditorUtility:SetGizmoIconEnabled (System.Type,bool) (at Library/PackageCache/com.unity.probuilder@4.4.0/Editor/EditorCore/EditorUtility.cs:593)
UnityEditor.ProBuilder.HierarchyListener:.cctor () (at Library/PackageCache/com.unity.probuilder@4.4.0/Editor/EditorCore/HierarchyListener.cs:21)
System.Runtime.CompilerServices.RuntimeHelpers:RunClassConstructor (System.RuntimeTypeHandle)
UnityEditor.EditorAssemblies:ProcessInitializeOnLoadAttributes (System.Type[])

[Library/PackageCache/com.unity.probuilder@4.4.0/Editor/EditorCore/EditorUtility.cs line 593]

Invoked RoslynAnalysisRunner static constructor.
RoslynAnalysisRunner will not be running.
RoslynAnalysisRunner has terminated.
Mono: successfully reloaded assembly
- Completed reload, in  0.815 seconds
Platform modules already initialized, skipping
Refreshing native plugins compatible for Editor in 0.22 ms, found 0 plugins.
Preloading 0 native plugins for Editor in 0.00 ms.
Unloading 1454 Unused Serialized files (Serialized files now loaded: 0)
System memory in use before: 85.1 MB.
System memory in use after: 85.1 MB.

Unloading 9 unused Assets to reduce memory usage. Loaded Objects now: 1938.
Total: 1.823400 ms (FindLiveObjects: 0.206000 ms CreateObjectMapping: 0.098800 ms MarkObjects: 1.429800 ms  DeleteObjects: 0.087800 ms)

========================================================================
Received Import Request.
  Time since last request: 57.384243 seconds.
  path: Assets/LB3D/Simple_Chicken/Models/Smith.controller
  artifactKey: Guid(9c84e2405c31a6649a42c684126997cc) Importer(815301076,1909f56bfc062723c751e8b465ee728b)
Start importing Assets/LB3D/Simple_Chicken/Models/Smith.controller using Guid(9c84e2405c31a6649a42c684126997cc) Importer(815301076,1909f56bfc062723c751e8b465ee728b)  -> (artifact id: '3708d3e761f0c2aa017c938441bafbef') in 0.014786 seconds
  Import took 0.017452 seconds .

========================================================================
Received Import Request.
  Time since last request: 0.002719 seconds.
  path: Assets/LB3D/Simple_Chicken/Models/Smith.controller
  artifactKey: Guid(9c84e2405c31a6649a42c684126997cc) Importer(815301076,1909f56bfc062723c751e8b465ee728b)
Start importing Assets/LB3D/Simple_Chicken/Models/Smith.controller using Guid(9c84e2405c31a6649a42c684126997cc) Importer(815301076,1909f56bfc062723c751e8b465ee728b)  -> (artifact id: '3708d3e761f0c2aa017c938441bafbef') in 0.004121 seconds
  Import took 0.007165 seconds .

========================================================================
Received Import Request.
  Time since last request: 20.518955 seconds.
  path: Assets/LB3D/Simple_Chicken/Models/New Animation.anim
  artifactKey: Guid(8288d64896a372245a88c3be4564437f) Importer(815301076,1909f56bfc062723c751e8b465ee728b)
Start importing Assets/LB3D/Simple_Chicken/Models/New Animation.anim using Guid(8288d64896a372245a88c3be4564437f) Importer(815301076,1909f56bfc062723c751e8b465ee728b)  -> (artifact id: 'a06e5fb67a85285ccfe7f2fdaba7dd9a') in 0.008140 seconds
  Import took 0.011352 seconds .

========================================================================
Received Prepare
Registering precompiled user dll's ...
Registered in 0.000709 seconds.
Begin MonoManager ReloadAssembly
Native extension for WindowsStandalone target not found
Refreshing native plugins compatible for Editor in 0.21 ms, found 0 plugins.
Preloading 0 native plugins for Editor in 0.00 ms.
Warning: Annotation not found!
UnityEngine.StackTraceUtility:ExtractStackTrace ()
UnityEditor.ProBuilder.EditorUtility:SetGizmoIconEnabled (System.Type,bool) (at Library/PackageCache/com.unity.probuilder@4.4.0/Editor/EditorCore/EditorUtility.cs:593)
UnityEditor.ProBuilder.HierarchyListener:.cctor () (at Library/PackageCache/com.unity.probuilder@4.4.0/Editor/EditorCore/HierarchyListener.cs:21)
System.Runtime.CompilerServices.RuntimeHelpers:RunClassConstructor (System.RuntimeTypeHandle)
UnityEditor.EditorAssemblies:ProcessInitializeOnLoadAttributes (System.Type[])

[Library/PackageCache/com.unity.probuilder@4.4.0/Editor/EditorCore/EditorUtility.cs line 593]

Invoked RoslynAnalysisRunner static constructor.
RoslynAnalysisRunner will not be running.
RoslynAnalysisRunner has terminated.
Mono: successfully reloaded assembly
- Completed reload, in  0.738 seconds
Platform modules already initialized, skipping
Refreshing native plugins compatible for Editor in 0.22 ms, found 0 plugins.
Preloading 0 native plugins for Editor in 0.00 ms.
Unloading 1454 Unused Serialized files (Serialized files now loaded: 0)
System memory in use before: 85.4 MB.
System memory in use after: 85.4 MB.

Unloading 6 unused Assets to reduce memory usage. Loaded Objects now: 1940.
Total: 2.134000 ms (FindLiveObjects: 0.118800 ms CreateObjectMapping: 0.028700 ms MarkObjects: 1.860300 ms  DeleteObjects: 0.124900 ms)

========================================================================
Received Prepare
Registering precompiled user dll's ...
Registered in 0.001320 seconds.
Begin MonoManager ReloadAssembly
Native extension for WindowsStandalone target not found
Refreshing native plugins compatible for Editor in 0.27 ms, found 0 plugins.
Preloading 0 native plugins for Editor in 0.00 ms.
Warning: Annotation not found!
UnityEngine.StackTraceUtility:ExtractStackTrace ()
UnityEditor.ProBuilder.EditorUtility:SetGizmoIconEnabled (System.Type,bool) (at Library/PackageCache/com.unity.probuilder@4.4.0/Editor/EditorCore/EditorUtility.cs:593)
UnityEditor.ProBuilder.HierarchyListener:.cctor () (at Library/PackageCache/com.unity.probuilder@4.4.0/Editor/EditorCore/HierarchyListener.cs:21)
System.Runtime.CompilerServices.RuntimeHelpers:RunClassConstructor (System.RuntimeTypeHandle)
UnityEditor.EditorAssemblies:ProcessInitializeOnLoadAttributes (System.Type[])

[Library/PackageCache/com.unity.probuilder@4.4.0/Editor/EditorCore/EditorUtility.cs line 593]

Invoked RoslynAnalysisRunner static constructor.
RoslynAnalysisRunner will not be running.
RoslynAnalysisRunner has terminated.
Mono: successfully reloaded assembly
- Completed reload, in  0.793 seconds
Platform modules already initialized, skipping
Refreshing native plugins compatible for Editor in 0.22 ms, found 0 plugins.
Preloading 0 native plugins for Editor in 0.00 ms.
Unloading 1454 Unused Serialized files (Serialized files now loaded: 0)
System memory in use before: 85.9 MB.
System memory in use after: 85.9 MB.

Unloading 6 unused Assets to reduce memory usage. Loaded Objects now: 1942.
Total: 2.128400 ms (FindLiveObjects: 0.159000 ms CreateObjectMapping: 0.028400 ms MarkObjects: 1.845700 ms  DeleteObjects: 0.094400 ms)

========================================================================
Received Prepare
Registering precompiled user dll's ...
Registered in 0.002098 seconds.
Begin MonoManager ReloadAssembly
Native extension for WindowsStandalone target not found
Refreshing native plugins compatible for Editor in 0.23 ms, found 0 plugins.
Preloading 0 native plugins for Editor in 0.00 ms.
Warning: Annotation not found!
UnityEngine.StackTraceUtility:ExtractStackTrace ()
UnityEditor.ProBuilder.EditorUtility:SetGizmoIconEnabled (System.Type,bool) (at Library/PackageCache/com.unity.probuilder@4.4.0/Editor/EditorCore/EditorUtility.cs:593)
UnityEditor.ProBuilder.HierarchyListener:.cctor () (at Library/PackageCache/com.unity.probuilder@4.4.0/Editor/EditorCore/HierarchyListener.cs:21)
System.Runtime.CompilerServices.RuntimeHelpers:RunClassConstructor (System.RuntimeTypeHandle)
UnityEditor.EditorAssemblies:ProcessInitializeOnLoadAttributes (System.Type[])

[Library/PackageCache/com.unity.probuilder@4.4.0/Editor/EditorCore/EditorUtility.cs line 593]

Invoked RoslynAnalysisRunner static constructor.
RoslynAnalysisRunner will not be running.
RoslynAnalysisRunner has terminated.
Mono: successfully reloaded assembly
- Completed reload, in  0.846 seconds
Platform modules already initialized, skipping
Refreshing native plugins compatible for Editor in 0.21 ms, found 0 plugins.
Preloading 0 native plugins for Editor in 0.00 ms.
Unloading 1454 Unused Serialized files (Serialized files now loaded: 0)
System memory in use before: 86.3 MB.
System memory in use after: 86.3 MB.

Unloading 6 unused Assets to reduce memory usage. Loaded Objects now: 1944.
Total: 2.212200 ms (FindLiveObjects: 0.262400 ms CreateObjectMapping: 0.099700 ms MarkObjects: 1.708900 ms  DeleteObjects: 0.139300 ms)

========================================================================
Received Prepare
Registering precompiled user dll's ...
Registered in 0.000667 seconds.
Begin MonoManager ReloadAssembly
Native extension for WindowsStandalone target not found
Refreshing native plugins compatible for Editor in 0.26 ms, found 0 plugins.
Preloading 0 native plugins for Editor in 0.00 ms.
Warning: Annotation not found!
UnityEngine.StackTraceUtility:ExtractStackTrace ()
UnityEditor.ProBuilder.EditorUtility:SetGizmoIconEnabled (System.Type,bool) (at Library/PackageCache/com.unity.probuilder@4.4.0/Editor/EditorCore/EditorUtility.cs:593)
UnityEditor.ProBuilder.HierarchyListener:.cctor () (at Library/PackageCache/com.unity.probuilder@4.4.0/Editor/EditorCore/HierarchyListener.cs:21)
System.Runtime.CompilerServices.RuntimeHelpers:RunClassConstructor (System.RuntimeTypeHandle)
UnityEditor.EditorAssemblies:ProcessInitializeOnLoadAttributes (System.Type[])

[Library/PackageCache/com.unity.probuilder@4.4.0/Editor/EditorCore/EditorUtility.cs line 593]

Invoked RoslynAnalysisRunner static constructor.
RoslynAnalysisRunner will not be running.
RoslynAnalysisRunner has terminated.
Mono: successfully reloaded assembly
- Completed reload, in  0.800 seconds
Platform modules already initialized, skipping
Refreshing native plugins compatible for Editor in 0.24 ms, found 0 plugins.
Preloading 0 native plugins for Editor in 0.00 ms.
Unloading 1454 Unused Serialized files (Serialized files now loaded: 0)
System memory in use before: 86.4 MB.
System memory in use after: 86.4 MB.

Unloading 6 unused Assets to reduce memory usage. Loaded Objects now: 1946.
Total: 1.974500 ms (FindLiveObjects: 0.116900 ms CreateObjectMapping: 0.023900 ms MarkObjects: 1.731500 ms  DeleteObjects: 0.101400 ms)

========================================================================
Received Prepare
Registering precompiled user dll's ...
Registered in 0.000687 seconds.
Begin MonoManager ReloadAssembly
Native extension for WindowsStandalone target not found
Refreshing native plugins compatible for Editor in 0.21 ms, found 0 plugins.
Preloading 0 native plugins for Editor in 0.00 ms.
Warning: Annotation not found!
UnityEngine.StackTraceUtility:ExtractStackTrace ()
UnityEditor.ProBuilder.EditorUtility:SetGizmoIconEnabled (System.Type,bool) (at Library/PackageCache/com.unity.probuilder@4.4.0/Editor/EditorCore/EditorUtility.cs:593)
UnityEditor.ProBuilder.HierarchyListener:.cctor () (at Library/PackageCache/com.unity.probuilder@4.4.0/Editor/EditorCore/HierarchyListener.cs:21)
System.Runtime.CompilerServices.RuntimeHelpers:RunClassConstructor (System.RuntimeTypeHandle)
UnityEditor.EditorAssemblies:ProcessInitializeOnLoadAttributes (System.Type[])

[Library/PackageCache/com.unity.probuilder@4.4.0/Editor/EditorCore/EditorUtility.cs line 593]

Invoked RoslynAnalysisRunner static constructor.
RoslynAnalysisRunner will not be running.
RoslynAnalysisRunner has terminated.
Mono: successfully reloaded assembly
- Completed reload, in  0.779 seconds
Platform modules already initialized, skipping
Refreshing native plugins compatible for Editor in 0.22 ms, found 0 plugins.
Preloading 0 native plugins for Editor in 0.00 ms.
Unloading 1454 Unused Serialized files (Serialized files now loaded: 0)
System memory in use before: 86.1 MB.
System memory in use after: 86.1 MB.

Unloading 6 unused Assets to reduce memory usage. Loaded Objects now: 1948.
Total: 1.874400 ms (FindLiveObjects: 0.143000 ms CreateObjectMapping: 0.035100 ms MarkObjects: 1.598300 ms  DeleteObjects: 0.096900 ms)

========================================================================
Received Prepare
Registering precompiled user dll's ...
Registered in 0.000616 seconds.
Begin MonoManager ReloadAssembly
Native extension for WindowsStandalone target not found
Refreshing native plugins compatible for Editor in 0.21 ms, found 0 plugins.
Preloading 0 native plugins for Editor in 0.00 ms.
Warning: Annotation not found!
UnityEngine.StackTraceUtility:ExtractStackTrace ()
UnityEditor.ProBuilder.EditorUtility:SetGizmoIconEnabled (System.Type,bool) (at Library/PackageCache/com.unity.probuilder@4.4.0/Editor/EditorCore/EditorUtility.cs:593)
UnityEditor.ProBuilder.HierarchyListener:.cctor () (at Library/PackageCache/com.unity.probuilder@4.4.0/Editor/EditorCore/HierarchyListener.cs:21)
System.Runtime.CompilerServices.RuntimeHelpers:RunClassConstructor (System.RuntimeTypeHandle)
UnityEditor.EditorAssemblies:ProcessInitializeOnLoadAttributes (System.Type[])

[Library/PackageCache/com.unity.probuilder@4.4.0/Editor/EditorCore/EditorUtility.cs line 593]

Invoked RoslynAnalysisRunner static constructor.
RoslynAnalysisRunner will not be running.
RoslynAnalysisRunner has terminated.
Mono: successfully reloaded assembly
- Completed reload, in  0.798 seconds
Platform modules already initialized, skipping
Refreshing native plugins compatible for Editor in 0.21 ms, found 0 plugins.
Preloading 0 native plugins for Editor in 0.00 ms.
Unloading 1454 Unused Serialized files (Serialized files now loaded: 0)
System memory in use before: 86.4 MB.
System memory in use after: 86.4 MB.

Unloading 6 unused Assets to reduce memory usage. Loaded Objects now: 1950.
Total: 2.568300 ms (FindLiveObjects: 0.216800 ms CreateObjectMapping: 0.042900 ms MarkObjects: 2.179000 ms  DeleteObjects: 0.128500 ms)

========================================================================
Received Prepare
Registering precompiled user dll's ...
Registered in 0.000710 seconds.
Begin MonoManager ReloadAssembly
Native extension for WindowsStandalone target not found
Refreshing native plugins compatible for Editor in 0.21 ms, found 0 plugins.
Preloading 0 native plugins for Editor in 0.00 ms.
Warning: Annotation not found!
UnityEngine.StackTraceUtility:ExtractStackTrace ()
UnityEditor.ProBuilder.EditorUtility:SetGizmoIconEnabled (System.Type,bool) (at Library/PackageCache/com.unity.probuilder@4.4.0/Editor/EditorCore/EditorUtility.cs:593)
UnityEditor.ProBuilder.HierarchyListener:.cctor () (at Library/PackageCache/com.unity.probuilder@4.4.0/Editor/EditorCore/HierarchyListener.cs:21)
System.Runtime.CompilerServices.RuntimeHelpers:RunClassConstructor (System.RuntimeTypeHandle)
UnityEditor.EditorAssemblies:ProcessInitializeOnLoadAttributes (System.Type[])

[Library/PackageCache/com.unity.probuilder@4.4.0/Editor/EditorCore/EditorUtility.cs line 593]

Invoked RoslynAnalysisRunner static constructor.
RoslynAnalysisRunner will not be running.
RoslynAnalysisRunner has terminated.
Mono: successfully reloaded assembly
- Completed reload, in  0.755 seconds
Platform modules already initialized, skipping
Refreshing native plugins compatible for Editor in 0.25 ms, found 0 plugins.
Preloading 0 native plugins for Editor in 0.00 ms.
Unloading 1454 Unused Serialized files (Serialized files now loaded: 0)
System memory in use before: 85.9 MB.
System memory in use after: 85.9 MB.

Unloading 6 unused Assets to reduce memory usage. Loaded Objects now: 1952.
Total: 3.431100 ms (FindLiveObjects: 0.128100 ms CreateObjectMapping: 0.028100 ms MarkObjects: 3.110900 ms  DeleteObjects: 0.162400 ms)

========================================================================
Received Prepare
Refreshing native plugins compatible for Editor in 0.73 ms, found 0 plugins.
Preloading 0 native plugins for Editor in 0.00 ms.
Unloading 4 Unused Serialized files (Serialized files now loaded: 0)
System memory in use before: 57.5 MB.
System memory in use after: 57.6 MB.

Unloading 4 unused Assets to reduce memory usage. Loaded Objects now: 1952.
Total: 2.206300 ms (FindLiveObjects: 0.122800 ms CreateObjectMapping: 0.027900 ms MarkObjects: 1.951800 ms  DeleteObjects: 0.102800 ms)

